<?xml version="1.0" encoding="UTF-8"?>
<coverage generated="1708781793361" clover="3.2.0">
  <project timestamp="1708781793361" name="All files">
    <metrics statements="23" coveredstatements="6" conditionals="4" coveredconditionals="0" methods="8" coveredmethods="1" elements="35" coveredelements="7" complexity="0" loc="23" ncloc="23" packages="1" files="2" classes="2"/>
    <file name="Pers.js" path="C:\mycode\Netology\сайты\Symbols-generators_task2\src\js\Pers.js">
      <metrics statements="6" coveredstatements="6" conditionals="0" coveredconditionals="0" methods="1" coveredmethods="1"/>
      <line num="3" count="1" type="stmt"/>
      <line num="4" count="1" type="stmt"/>
      <line num="5" count="1" type="stmt"/>
      <line num="6" count="1" type="stmt"/>
      <line num="7" count="1" type="stmt"/>
      <line num="8" count="1" type="stmt"/>
    </file>
    <file name="app.js" path="C:\mycode\Netology\сайты\Symbols-generators_task2\src\js\app.js">
      <metrics statements="17" coveredstatements="0" conditionals="4" coveredconditionals="0" methods="7" coveredmethods="0"/>
      <line num="4" count="0" type="stmt"/>
      <line num="5" count="0" type="stmt"/>
      <line num="9" count="0" type="stmt"/>
      <line num="10" count="0" type="cond" truecount="0" falsecount="2"/>
      <line num="11" count="0" type="stmt"/>
      <line num="15" count="0" type="stmt"/>
      <line num="16" count="0" type="stmt"/>
      <line num="20" count="0" type="stmt"/>
      <line num="21" count="0" type="stmt"/>
      <line num="25" count="0" type="stmt"/>
      <line num="26" count="0" type="stmt"/>
      <line num="27" count="0" type="stmt"/>
      <line num="29" count="0" type="cond" truecount="0" falsecount="2"/>
      <line num="30" count="0" type="stmt"/>
      <line num="31" count="0" type="stmt"/>
      <line num="32" count="0" type="stmt"/>
      <line num="34" count="0" type="stmt"/>
    </file>
  </project>
</coverage>
