{"C:\\mycode\\Netology\\сайты\\Symbols-generators_task1\\src\\js\\Pers.js": {"path":"C:\\mycode\\Netology\\сайты\\Symbols-generators_task1\\src\\js\\Pers.js","statementMap":{"0":{"start":{"line":3,"column":4},"end":{"line":3,"column":21}},"1":{"start":{"line":4,"column":4},"end":{"line":4,"column":21}},"2":{"start":{"line":5,"column":4},"end":{"line":5,"column":25}},"3":{"start":{"line":6,"column":4},"end":{"line":6,"column":23}},"4":{"start":{"line":7,"column":4},"end":{"line":7,"column":25}},"5":{"start":{"line":8,"column":4},"end":{"line":8,"column":27}}},"fnMap":{"0":{"name":"(anonymous_0)","decl":{"start":{"line":2,"column":2},"end":{"line":2,"column":3}},"loc":{"start":{"line":2,"column":58},"end":{"line":9,"column":3}},"line":2}},"branchMap":{},"s":{"0":6,"1":6,"2":6,"3":6,"4":6,"5":6},"f":{"0":6},"b":{},"_coverageSchema":"1a1c01bbd47fc00a2c39e90264f33305004495a9","hash":"3eaca99fcc21808265fd6c4bf9b8613f643a17ac"}
,"C:\\mycode\\Netology\\сайты\\Symbols-generators_task1\\src\\js\\app.js": {"path":"C:\\mycode\\Netology\\сайты\\Symbols-generators_task1\\src\\js\\app.js","statementMap":{"0":{"start":{"line":4,"column":4},"end":{"line":4,"column":21}},"1":{"start":{"line":5,"column":4},"end":{"line":5,"column":19}},"2":{"start":{"line":9,"column":4},"end":{"line":13,"column":7}},"3":{"start":{"line":10,"column":6},"end":{"line":12,"column":7}},"4":{"start":{"line":11,"column":8},"end":{"line":11,"column":72}},"5":{"start":{"line":15,"column":4},"end":{"line":15,"column":27}},"6":{"start":{"line":16,"column":4},"end":{"line":16,"column":21}},"7":{"start":{"line":20,"column":4},"end":{"line":20,"column":45}},"8":{"start":{"line":20,"column":29},"end":{"line":20,"column":43}},"9":{"start":{"line":21,"column":4},"end":{"line":21,"column":21}},"10":{"start":{"line":25,"column":21},"end":{"line":25,"column":25}},"11":{"start":{"line":26,"column":12},"end":{"line":26,"column":13}},"12":{"start":{"line":27,"column":4},"end":{"line":36,"column":6}},"13":{"start":{"line":29,"column":8},"end":{"line":33,"column":9}},"14":{"start":{"line":30,"column":26},"end":{"line":30,"column":33}},"15":{"start":{"line":31,"column":10},"end":{"line":31,"column":17}},"16":{"start":{"line":32,"column":10},"end":{"line":32,"column":49}},"17":{"start":{"line":34,"column":8},"end":{"line":34,"column":30}}},"fnMap":{"0":{"name":"(anonymous_0)","decl":{"start":{"line":3,"column":2},"end":{"line":3,"column":3}},"loc":{"start":{"line":3,"column":20},"end":{"line":6,"column":3}},"line":3},"1":{"name":"(anonymous_1)","decl":{"start":{"line":8,"column":2},"end":{"line":8,"column":3}},"loc":{"start":{"line":8,"column":14},"end":{"line":17,"column":3}},"line":8},"2":{"name":"(anonymous_2)","decl":{"start":{"line":9,"column":22},"end":{"line":9,"column":23}},"loc":{"start":{"line":9,"column":34},"end":{"line":13,"column":5}},"line":9},"3":{"name":"(anonymous_3)","decl":{"start":{"line":19,"column":2},"end":{"line":19,"column":3}},"loc":{"start":{"line":19,"column":20},"end":{"line":22,"column":3}},"line":19},"4":{"name":"(anonymous_4)","decl":{"start":{"line":20,"column":19},"end":{"line":20,"column":20}},"loc":{"start":{"line":20,"column":29},"end":{"line":20,"column":43}},"line":20},"5":{"name":"(anonymous_5)","decl":{"start":{"line":24,"column":2},"end":{"line":24,"column":3}},"loc":{"start":{"line":24,"column":22},"end":{"line":37,"column":3}},"line":24},"6":{"name":"(anonymous_6)","decl":{"start":{"line":28,"column":6},"end":{"line":28,"column":7}},"loc":{"start":{"line":28,"column":13},"end":{"line":35,"column":7}},"line":28}},"branchMap":{"0":{"loc":{"start":{"line":10,"column":6},"end":{"line":12,"column":7}},"type":"if","locations":[{"start":{"line":10,"column":6},"end":{"line":12,"column":7}},{"start":{},"end":{}}],"line":10},"1":{"loc":{"start":{"line":29,"column":8},"end":{"line":33,"column":9}},"type":"if","locations":[{"start":{"line":29,"column":8},"end":{"line":33,"column":9}},{"start":{},"end":{}}],"line":29}},"s":{"0":4,"1":4,"2":6,"3":2,"4":1,"5":5,"6":5,"7":1,"8":2,"9":1,"10":1,"11":1,"12":1,"13":2,"14":1,"15":1,"16":1,"17":1},"f":{"0":4,"1":6,"2":2,"3":1,"4":2,"5":1,"6":2},"b":{"0":[1,1],"1":[1,1]},"_coverageSchema":"1a1c01bbd47fc00a2c39e90264f33305004495a9","hash":"eeaf11f63aa3cd2f8627f2d33c6f9d6f2522d704"}
}
